100	SRX3412081	SRR6311486	BPS1152
101	SRX3412083	SRR6311484	BPS1173
102	SRX3411942	SRR6311625	BPS1244
103	SRX3411841	SRR6311726	TX0967
104	SRX3411844	SRR6311723	TX0969
105	SRX3411860	SRR6311707	TX1037
106	SRX3412068	SRR6311499	TX1996
107	SRX3411953	SRR6311614	TX2091
108	SRX3411951	SRR6311616	TX2093
110	SRX3412048	SRR6311519	DIV310
111	SRX3412164	SRR6311820	SA0965
112	SRX3412000	SRR6311567	SA1237
113	SRX3411824	SRR6311743	SA3777
114	SRX3411822	SRR6311745	SA3781
115	x	SRR4006037	HAU019
116	x	SRR4006040	HAU022
117	x	SRR4006681	HAU048
118	x	SRR4018525	HAU193
119	x	SRR4018588	HAU242
120	SRX3412074	SRR6311493	BPS1242
121	SRX3412087	SRR6311897	TX1286
122	SRX3411897	SRR6311670	TX1503
123	SRX3412113	SRR6311871	TX1514
124	SRX3411754	SRR6311813	TX1578
125	SRX3411779	SRR6311788	TX1674
126	SRX3411753	SRR6311814	TX2213
127	SRX3411972	SRR6311595	TX2277
128	SRX3411815	SRR6311752	TX2487
129	SRX3412112	SRR6311872	TX2495
130	SRX3411811	SRR6311756	TX0012
131	SRX3412024	SRR6311543	TX0044
132	SRX3412023	SRR6311544	TX0109
133	SRX3412018	SRR6311549	TX0481
134	SRX3412149	SRR6311835	TX0664
135	SRX3412148	SRR6311836	TX0670
136	SRX3411969	SRR6311598	TX0751
137	SRX3411843	SRR6311724	TX1009
138	SRX3411808	SRR6311759	TX1111
139	SRX3411933	SRR6311634	TX1113
210	SRX3433845	SRR6334547	GB0211
211	SRX3433672	SRR6334720	GB0232
212	SRX3433690	SRR6334702	GB0249
213	SRX3433687	SRR6334705	GB0251
214	SRX3433821	SRR6334571	GB0655
215	SRX3433814	SRR6334578	GB0657
216	SRX3433815	SRR6334577	GB0660
217	SRX3433766	SRR6334626	GB1069
218	SRX3433763	SRR6334629	GB1084
219	SRX3433772	SRR6334620	GB1388
220	SRX3433801	SRR6334591	GB0052
221	SRX3433829	SRR6334563	GB0053
222	SRX3433827	SRR6334565	GB0087
223	SRX3433777	SRR6334615	GB0193
224	SRX3433694	SRR6334698	GB0262
225	SRX3433716	SRR6334676	GB0307
226	SRX3433750	SRR6334642	GB0333
227	SRX3433744	SRR6334648	GB0361
228	SRX3433844	SRR6334548	GB0386
229	SRX3433872	SRR6334520	OLG-02
230	SRX3433800	SRR6334592	GB0051
231	SRX3433826	SRR6334566	GB0091
232	SRX3433745	SRR6334647	GB0339
233	SRX3433730	SRR6334662	GB0430
234	SRX3433761	SRR6334631	GB0533
235	SRX3433840	SRR6334552	GB0631
236	SRX3433820	SRR6334572	GB0651
237	SRX3433857	SRR6334535	OLG-03
238	SRX3433868	SRR6334524	OLG-06
239	SRX3433785	SRR6334607	OLG-13
301	SRX3433661	SRR6334731	AD3-25
302	SRX3433674	SRR6334718	AD3-26
303	SRX3433648	SRR6334744	AD3-23
304	SRX3433678	SRR6334714	AD3-16
305	SRX3433647	SRR6334745	AD3-07
306	SRX996777	SRR1975565	AD3
401	SRX3433649	SRR6334743	AD4-10
402	SRX3433721	SRR6334671	AD4-W
403	SRX3433650	SRR6334742	AD4-16
404	SRX3433810	SRR6334582	AD4-PI
405	SRX996778	SRR1975566	AD4
407	SRS705697	SRR1580808	G. mustelinum
501	SRX3433683	SRR6334709	AD5-OP
502	SRX3433802	SRR6334590	AD5-PW
503	SRX3433805	SRR6334587	AD5-CB
504	SRX996779	SRR1975567	AD5
601	SRX3433726	SRR6334666	TX2265
602	SRX3433727	SRR6334665	TX2266
603	SRX3433722	SRR6334670	TX2271
604	SRX996780	SRR1975568	TX2263
701	SRX996781	SRR1975569	AD7
702	SRX996782	SRR1975570	P1B
800		SRR847961	D5_2
801		SRR847980	D5_31
802		SRR847974	D5_4
803		SRR847981	D5_53
900	don’t' have yet		A1_073
901	don’t' have yet		A1_074
902	don’t' have yet		A1_155
903	don’t' have yet		A1_Af
904	don’t' have yet		A1_Nisa
910	don’t' have yet		A1_019
911	don’t' have yet		A1_028
912	don’t' have yet		A1_030
913	don’t' have yet		A1_051
914	don’t' have yet		A1_054
915	don’t' have yet		A1_088
916	don’t' have yet		A1_097
917	don’t' have yet		A1_108
918	don’t' have yet		A1_125
919	don’t' have yet		A1_133
1010	don’t' have yet		A2_019
1011	don’t' have yet		A2_031
1012	don’t' have yet		A2_045
1013	don’t' have yet		A2_060
1014	don’t' have yet		A2_061
1015	don’t' have yet		A2_064
1016	don’t' have yet		A2_067
1017	don’t' have yet		A2_113
1018	don’t' have yet		A2_141
1019	don’t' have yet		A2_147
309	SRX3433856	SRR6334536	AD3-14
507	SRX3433804	SRR6334588	AD5-2
606	SRX3433724	SRR6334668	TX2273
109	SAMN04998813	SRR3560138	TX2094
		SRR3560139	
		SRR3560140	
307	SAMN04998800	SRR3560173	WT936
		SRR3560174	
		SRR3560175	
406	SAMN04998799	SRR3560177	AD4-8
		SRR3560179	
		SRR3560180	
505	SAMN04998798	SRR3560181	AD5-45
		SRR3560182	
		SRR3560183	
605	SAMN04998801	SRR3560145	AD6
		SRR3560146	
		SRR3560147	
308	SRS705698	SRR1580810	G. tomentosum
		SRR1580809	
506	SRS705696	SRR1580807	G. darwinii
		SRR1580806	
